#
# A fatal error has been detected by the Java Runtime Environment:
#
#  EXCEPTION_ACCESS_VIOLATION (0xc0000005) at pc=0x00007ff8bec1ccd3, pid=14460, tid=7632
#
# JRE version:  (21.0.7+8) (build )
# Java VM: Java HotSpot(TM) 64-Bit Server VM (21.0.7+8-LTS-245, mixed mode, tiered, compressed oops, compressed class ptrs, g1 gc, windows-amd64)
# Problematic frame:
# V  [jvm.dll+0x3dccd3]
#
# No core dump will be written. Minidumps are not enabled by default on client versions of Windows
#
#

---------------  S U M M A R Y ------------

Command Line: 

Host: Intel(R) Celeron(R) N4020 CPU @ 1.10GHz, 2 cores, 3G,  Windows 11 , 64 bit Build 22000 (10.0.22000.2538)
Time: Wed Sep 24 11:48:27 2025 W. Central Africa Standard Time elapsed time: 0.183603 seconds (0d 0h 0m 0s)

---------------  T H R E A D  ---------------

Current thread (0x00000120430dad30):  JavaThread "Unknown thread" [_thread_in_vm, id=7632, stack(0x0000000101b00000,0x0000000101c00000) (1024K)]

Stack: [0x0000000101b00000,0x0000000101c00000],  sp=0x0000000101bfea60,  free space=1018k
Native frames: (J=compiled Java code, j=interpreted, Vv=VM code, C=native code)
V  [jvm.dll+0x3dccd3]
V  [jvm.dll+0x6cad32]
V  [jvm.dll+0x3dca9e]
V  [jvm.dll+0x3bdf58]
V  [jvm.dll+0x3c1c72]
V  [jvm.dll+0x3c1738]
V  [jvm.dll+0x5d4b09]
V  [jvm.dll+0x5d3a74]
V  [jvm.dll+0x3d6f25]
