#
# There is insufficient memory for the Java Runtime Environment to continue.
# Native memory allocation (mmap) failed to map 65011712 bytes for G1 virtual space
# Possible reasons:
#   The system is out of physical RAM or swap space
#   The process is running with CompressedOops enabled, and the Java Heap may be blocking the growth of the native heap
# Possible solutions:
#   Reduce memory load on the system
#   Increase physical memory or swap space
#   Check if swap backing store is full
#   Decrease Java heap size (-Xmx/-Xms)
#   Decrease number of Java threads
#   Decrease Java thread stack sizes (-Xss)
#   Set larger code cache with -XX:ReservedCodeCacheSize=
#   JVM is running with Unscaled Compressed Oops mode in which the Java heap is
#     placed in the first 4GB address space. The Java Heap base address is the
#     maximum limit for the native heap growth. Please use -XX:HeapBaseMinAddress
#     to set the Java Heap base and to place the Java Heap above 4GB virtual address.
# This output file may be truncated or incomplete.
#
#  Out of Memory Error (os_windows.cpp:3603), pid=18784, tid=3664
#
# JRE version:  (21.0.7+8) (build )
# Java VM: Java HotSpot(TM) 64-Bit Server VM (21.0.7+8-LTS-245, mixed mode, sharing, tiered, compressed oops, compressed class ptrs, g1 gc, windows-amd64)
# No core dump will be written. Minidumps are not enabled by default on client versions of Windows
#

---------------  S U M M A R Y ------------

Command Line: 

Host: Intel(R) Celeron(R) N4020 CPU @ 1.10GHz, 2 cores, 3G,  Windows 11 , 64 bit Build 22000 (10.0.22000.2538)
Time: Wed Sep 24 11:34:23 2025 W. Central Africa Standard Time elapsed time: 0.083623 seconds (0d 0h 0m 0s)

---------------  T H R E A D  ---------------

Current thread (0x000001a17392afb0):  JavaThread "Unknown thread" [_thread_in_vm, id=3664, stack(0x0000005a1fe00000,0x0000005a1ff00000) (1024K)]

Stack: [0x0000005a1fe00000,0x0000005a1ff00000]
Native frames: (J=compiled Java code, j=interpreted, Vv=VM code, C=native code)
V  [jvm.dll+0x6cae19]
V  [jvm.dll+0x855741]
V  [jvm.dll+0x857c6e]
V  [jvm.dll+0x858343]
V  [jvm.dll+0x27e0b6]
V  [jvm.dll+0x6c7595]
V  [jvm.dll+0x6bc0fa]
V  [jvm.dll+0x353eaa]
V  [jvm.dll+0x35bb26]
V  [jvm.dll+0x3ae52e]
V  [jvm.dll+0x3ae7d8]
V  [jvm.dll+0x3281bc]
V  [jvm.dll+0x328d1b]
V  [jvm.dll+0x81eaf9]
V  [jvm.dll+0x3bb211]
V  [jvm.dll+0x807d78]
V  [jvm.dll+0x4503ee]
V  [jvm.dll+0x451fe1]
C  [jli.dll+0x52a3]
C  [ucrtbase.dll+0x26c0c]
C  [KERNEL32.DLL+0x153e0]
C  [ntdll.dll+0x485b]


---------------  P R O C E S S  ---------------

Threads class SMR info:
_java_thread_list=0x00007ff8bf40cc48, length=0, elements={
}

Java Threads: ( => current thread )
Total: 0

Other Threads:
  0x000001a175a8a5e0 WorkerThread "GC Thread#0"                     [id=8564, stack(0x0000005a20000000,0x0000005a20100000) (1024K)]
  0x000001a175a93040 ConcurrentGCThread "G1 Main Marker"            [id=19040, stack(0x0000005a20100000,0x0000005a20200000) (1024K)]
  0x000001a175a93cf0 WorkerThread "G1 Conc#0"                       [id=17660, stack(0x0000005a20200000,0x0000005a20300000) (1024K)]

[error occurred during error reporting (printing all threads), id 0xc0000005, EXCEPTION_ACCESS_VIOLATION (0xc0000005) at pc=0x00007ff8beb7a947]
VM state: not at safepoint (not fully initialized)

VM Mutex/Monitor currently owned by a thread:  ([mutex/lock_event])
[0x00007ff8bf47df50] Heap_lock - owner thread: 0x000001a17392afb0

Heap address: 0x00000000c2c00000, size: 980 MB, Compressed Oops mode: 32-bit

CDS archive(s) mapped at: [0x0000000000000000-0x0000000000000000-0x0000000000000000), size 0, SharedBaseAddress: 0x0000000800000000, ArchiveRelocationMode: 1.
Narrow klass base: 0x0000000000000000, Narrow klass shift: 0, Narrow klass range: 0x0

GC Precious Log:
 CardTable entry size: 512
 Card Set container configuration: InlinePtr #cards 5 size 8 Array Of Cards #cards 12 size 40 Howl #buckets 4 coarsen threshold 1843 Howl Bitmap #cards 512 size 80 coarsen threshold 460 Card regions per heap region 1 cards per card region 2048

Heap:
 garbage-first heap   total 0K, used 0K [0x00000000c2c00000, 0x0000000100000000)
  region size 1024K, 0 young (0K), 0 survivors (0K)

[error occurred during error reporting (printing heap information), id 0xc0000005, EXCEPTION_ACCESS_VIOLATION (0xc0000005) at pc=0x00007ff8bef63e79]
GC Heap History (0 events):
No events

Dll operation events (1 events):
Event: 0.018 Loaded shared library C:\Program Files\Java\jdk-21\bin\java.dll

Deoptimization events (0 events):
No events

Classes loaded (0 events):
No events

Classes unloaded (0 events):
No events

Classes redefined (0 events):
No events

Internal exceptions (0 events):
No events

ZGC Phase Switch (0 events):
No events

VM Operations (0 events):
No events

Events (0 events):
No events


Dynamic libraries:
0x00007ff692720000 - 0x00007ff692730000 	C:\Program Files\Java\jdk-21\bin\java.exe
0x00007ff915ac0000 - 0x00007ff915cc9000 	C:\Windows\SYSTEM32\ntdll.dll
0x00007ff915080000 - 0x00007ff91513d000 	C:\Windows\System32\KERNEL32.DLL
0x00007ff913200000 - 0x00007ff913584000 	C:\Windows\System32\KERNELBASE.dll
0x00007ff913590000 - 0x00007ff9136a1000 	C:\Windows\System32\ucrtbase.dll
0x00007ff90c560000 - 0x00007ff90c579000 	C:\Program Files\Java\jdk-21\bin\jli.dll
0x00007ff914c90000 - 0x00007ff914d3e000 	C:\Windows\System32\ADVAPI32.dll
0x00007ff914d70000 - 0x00007ff914e13000 	C:\Windows\System32\msvcrt.dll
0x00007ff914fe0000 - 0x00007ff91507e000 	C:\Windows\System32\sechost.dll
0x00007ff914b60000 - 0x00007ff914c81000 	C:\Windows\System32\RPCRT4.dll
0x00007ff9142c0000 - 0x00007ff91446d000 	C:\Windows\System32\USER32.dll
0x00007ff913770000 - 0x00007ff913796000 	C:\Windows\System32\win32u.dll
0x00007ff914150000 - 0x00007ff91417a000 	C:\Windows\System32\GDI32.dll
0x00007ff912fc0000 - 0x00007ff9130de000 	C:\Windows\System32\gdi32full.dll
0x00007ff9130e0000 - 0x00007ff91317d000 	C:\Windows\System32\msvcp_win.dll
0x00007ff904130000 - 0x00007ff90414b000 	C:\Program Files\Java\jdk-21\bin\VCRUNTIME140.dll
0x00007ff8fc660000 - 0x00007ff8fc905000 	C:\Windows\WinSxS\amd64_microsoft.windows.common-controls_6595b64144ccf1df_6.0.22000.120_none_9d947278b86cc467\COMCTL32.dll
0x00007ff90a7b0000 - 0x00007ff90a7ba000 	C:\Windows\SYSTEM32\VERSION.dll
0x00007ff914560000 - 0x00007ff914591000 	C:\Windows\System32\IMM32.DLL
0x00007ff90f1b0000 - 0x00007ff90f1bc000 	C:\Program Files\Java\jdk-21\bin\vcruntime140_1.dll
0x00007ff8dc420000 - 0x00007ff8dc4ae000 	C:\Program Files\Java\jdk-21\bin\msvcp140.dll
0x00007ff8be840000 - 0x00007ff8bf55a000 	C:\Program Files\Java\jdk-21\bin\server\jvm.dll
0x00007ff915910000 - 0x00007ff91597f000 	C:\Windows\System32\WS2_32.dll
0x00007ff912e20000 - 0x00007ff912e6d000 	C:\Windows\SYSTEM32\POWRPROF.dll
0x00007ff90d410000 - 0x00007ff90d443000 	C:\Windows\SYSTEM32\WINMM.dll
0x00007ff912e00000 - 0x00007ff912e13000 	C:\Windows\SYSTEM32\UMPDC.dll
0x00007ff911fc0000 - 0x00007ff911fd8000 	C:\Windows\SYSTEM32\kernel.appcore.dll
0x00007ff90ea30000 - 0x00007ff90ea3a000 	C:\Program Files\Java\jdk-21\bin\jimage.dll
0x00007ff9104f0000 - 0x00007ff910711000 	C:\Windows\SYSTEM32\DBGHELP.DLL
0x00007ff8f7cd0000 - 0x00007ff8f7d01000 	C:\Windows\SYSTEM32\dbgcore.DLL
0x00007ff913180000 - 0x00007ff9131ff000 	C:\Windows\System32\bcryptPrimitives.dll
0x00007ff904110000 - 0x00007ff90412f000 	C:\Program Files\Java\jdk-21\bin\java.dll

dbghelp: loaded successfully - version: 4.0.5 - missing functions: none
symbol engine: initialized successfully - sym options: 0x614 - pdb path: .;C:\Program Files\Java\jdk-21\bin;C:\Windows\SYSTEM32;C:\Windows\WinSxS\amd64_microsoft.windows.common-controls_6595b64144ccf1df_6.0.22000.120_none_9d947278b86cc467;C:\Program Files\Java\jdk-21\bin\server

VM Arguments:
java_command: <unknown>
java_class_path (initial): <not set>
Launcher Type: SUN_STANDARD

[Global flags]
     intx CICompilerCount                          = 2                                         {product} {ergonomic}
     uint ConcGCThreads                            = 1                                         {product} {ergonomic}
     uint G1ConcRefinementThreads                  = 2                                         {product} {ergonomic}
   size_t G1HeapRegionSize                         = 1048576                                   {product} {ergonomic}
    uintx GCDrainStackTargetSize                   = 64                                        {product} {ergonomic}
   size_t InitialHeapSize                          = 65011712                                  {product} {ergonomic}
   size_t MarkStackSize                            = 4194304                                   {product} {ergonomic}
   size_t MaxHeapSize                              = 1027604480                                {product} {ergonomic}
   size_t MinHeapDeltaBytes                        = 1048576                                   {product} {ergonomic}
   size_t MinHeapSize                              = 8388608                                   {product} {ergonomic}
    uintx NonNMethodCodeHeapSize                   = 5826188                                {pd product} {ergonomic}
    uintx NonProfiledCodeHeapSize                  = 122916026                              {pd product} {ergonomic}
    uintx ProfiledCodeHeapSize                     = 122916026                              {pd product} {ergonomic}
    uintx ReservedCodeCacheSize                    = 251658240                              {pd product} {ergonomic}
     bool SegmentedCodeCache                       = true                                      {product} {ergonomic}
   size_t SoftMaxHeapSize                          = 1027604480                             {manageable} {ergonomic}
     bool UseCompressedOops                        = true                           {product lp64_product} {ergonomic}
     bool UseG1GC                                  = true                                      {product} {ergonomic}
     bool UseLargePagesIndividualAllocation        = false                                  {pd product} {ergonomic}

Logging:
Log output configuration:
 #0: stdout all=warning uptime,level,tags foldmultilines=false
 #1: stderr all=off uptime,level,tags foldmultilines=false

Environment Variables:
PATH=C:\Program Files\Common Files\Oracle\Java\javapath;C:\Program Files (x86)\Common Files\Oracle\Java\java8path;C:\Program Files (x86)\Common Files\Oracle\Java\javapath;C:\Windows\system32;C:\Windows;C:\Windows\System32\Wbem;C:\Windows\System32\WindowsPowerShell\v1.0\;C:\Windows\System32\OpenSSH\;C:\Users\Temifash\Downloads\ffmpeg-7.1.1-essentials_build;C:\program files\java\jdk-21\bin\java.exe;C:\Program Files\Common Files\Oracle\Java\javapath\java.exe;C:\Program Files (x86)\Common Files\Oracle\Java\java8path\java.exe;C:\Users\Temifash\AppData\Local\Programs\Python\Python312\Scripts\;C:\Users\Temifash\AppData\Local\Programs\Python\Python312\;C:\Users\Temifash\AppData\Local\Programs\Python\Launcher\;C:\Users\Temifash\AppData\Local\Microsoft\WindowsApps;;C:\Users\Temifash\AppData\Local\Programs\Microsoft VS Code\bin;C:\Users\Temifash\AppData\Local\Microsoft\WinGet\Packages\Gyan.FFmpeg_Microsoft.Winget.Source_8wekyb3d8bbwe\ffmpeg-7.1.1-full_build\bin;
USERNAME=Temifash
OS=Windows_NT
PROCESSOR_IDENTIFIER=Intel64 Family 6 Model 122 Stepping 8, GenuineIntel
TMP=C:\Users\Temifash\AppData\Local\Temp
TEMP=C:\Users\Temifash\AppData\Local\Temp




Periodic native trim disabled

---------------  S Y S T E M  ---------------

OS:
 Windows 11 , 64 bit Build 22000 (10.0.22000.2538)
OS uptime: 7 days 23:54 hours

CPU: total 2 (initial active 2) (2 cores per cpu, 1 threads per core) family 6 model 122 stepping 8 microcode 0x18, cx8, cmov, fxsr, mmx, 3dnowpref, sse, sse2, sse3, ssse3, sse4.1, sse4.2, popcnt, tsc, tscinvbit, aes, erms, clmul, sha, clflush, clflushopt, rdtscp, rdpid
Processor Information for all 2 processors :
  Max Mhz: 1101, Current Mhz: 1101, Mhz Limit: 1101

Memory: 4k page, system-wide physical 3918M (384M free)
TotalPageFile size 7376M (AvailPageFile size 49M)
current process WorkingSet (physical memory assigned to process): 10M, peak: 10M
current process commit charge ("private bytes"): 47M, peak: 109M

vm_info: Java HotSpot(TM) 64-Bit Server VM (21.0.7+8-LTS-245) for windows-amd64 JRE (21.0.7+8-LTS-245), built on 2025-02-21T05:11:27Z by "mach5one" with MS VC++ 17.6 (VS2022)

END.
