#
# There is insufficient memory for the Java Runtime Environment to continue.
# Native memory allocation (mmap) failed to map 65536 bytes for Failed to commit metaspace.
# Possible reasons:
#   The system is out of physical RAM or swap space
#   The process is running with CompressedOops enabled, and the Java Heap may be blocking the growth of the native heap
# Possible solutions:
#   Reduce memory load on the system
#   Increase physical memory or swap space
#   Check if swap backing store is full
#   Decrease Java heap size (-Xmx/-Xms)
#   Decrease number of Java threads
#   Decrease Java thread stack sizes (-Xss)
#   Set larger code cache with -XX:ReservedCodeCacheSize=
#   JVM is running with Unscaled Compressed Oops mode in which the Java heap is
#     placed in the first 4GB address space. The Java Heap base address is the
#     maximum limit for the native heap growth. Please use -XX:HeapBaseMinAddress
#     to set the Java Heap base and to place the Java Heap above 4GB virtual address.
# This output file may be truncated or incomplete.
#
#  Out of Memory Error (virtualSpaceNode.cpp:112), pid=17500, tid=7428
#
# JRE version: Java(TM) SE Runtime Environment (21.0.7+8) (build 21.0.7+8-LTS-245)
# Java VM: Java HotSpot(TM) 64-Bit Server VM (21.0.7+8-LTS-245, mixed mode, sharing, tiered, compressed oops, compressed class ptrs, g1 gc, windows-amd64)
# No core dump will be written. Minidumps are not enabled by default on client versions of Windows
#

---------------  S U M M A R Y ------------

Command Line: -Dfile.encoding=UTF-8 -Ddb2.jcc.charsetDecoderEncoder=3 com.ibm.db2.server.DssLauncher 3000 off c:\Users\Temifash\AppData\Roaming\Code\logs\20250924T114741\window1\exthost\IBM.db2forzosdeveloperextension -Xmx256M

Host: Intel(R) Celeron(R) N4020 CPU @ 1.10GHz, 2 cores, 3G,  Windows 11 , 64 bit Build 22000 (10.0.22000.2538)
Time: Wed Sep 24 11:48:26 2025 W. Central Africa Standard Time elapsed time: 0.235242 seconds (0d 0h 0m 0s)

---------------  T H R E A D  ---------------

Current thread (0x000002cc4674d8a0):  JavaThread "main"             [_thread_in_vm, id=7428, stack(0x000000f0e8600000,0x000000f0e8700000) (1024K)]

Stack: [0x000000f0e8600000,0x000000f0e8700000]
Native frames: (J=compiled Java code, j=interpreted, Vv=VM code, C=native code)
V  [jvm.dll+0x6cae19]
V  [jvm.dll+0x855741]
V  [jvm.dll+0x857c6e]
V  [jvm.dll+0x858343]
V  [jvm.dll+0x27e0b6]
V  [jvm.dll+0x85135e]
V  [jvm.dll+0x66ea55]
V  [jvm.dll+0x1e410c]
V  [jvm.dll+0x1e3ede]
V  [jvm.dll+0x671383]
V  [jvm.dll+0x6711a2]
V  [jvm.dll+0x66f42e]
V  [jvm.dll+0x3bd9bf]
V  [jvm.dll+0x20d04b]
V  [jvm.dll+0x5ad9f6]
V  [jvm.dll+0x7cf846]
V  [jvm.dll+0x471336]
V  [jvm.dll+0x4771b8]
C  [java.dll+0x17ec]

Java frames: (J=compiled Java code, j=interpreted, Vv=VM code)
j  java.lang.ClassLoader.defineClass1(Ljava/lang/ClassLoader;Ljava/lang/String;[BIILjava/security/ProtectionDomain;Ljava/lang/String;)Ljava/lang/Class;+0 java.base@21.0.7
j  java.lang.ClassLoader.defineClass(Ljava/lang/String;[BIILjava/security/ProtectionDomain;)Ljava/lang/Class;+27 java.base@21.0.7
j  java.security.SecureClassLoader.defineClass(Ljava/lang/String;[BIILjava/security/CodeSource;)Ljava/lang/Class;+12 java.base@21.0.7
j  jdk.internal.loader.BuiltinClassLoader.defineClass(Ljava/lang/String;Ljdk/internal/loader/Resource;)Ljava/lang/Class;+117 java.base@21.0.7
j  jdk.internal.loader.BuiltinClassLoader.findClassOnClassPathOrNull(Ljava/lang/String;)Ljava/lang/Class;+37 java.base@21.0.7
j  jdk.internal.loader.BuiltinClassLoader.loadClassOrNull(Ljava/lang/String;Z)Ljava/lang/Class;+111 java.base@21.0.7
j  jdk.internal.loader.BuiltinClassLoader.loadClass(Ljava/lang/String;Z)Ljava/lang/Class;+3 java.base@21.0.7
j  jdk.internal.loader.ClassLoaders$AppClassLoader.loadClass(Ljava/lang/String;Z)Ljava/lang/Class;+36 java.base@21.0.7
j  java.lang.ClassLoader.loadClass(Ljava/lang/String;)Ljava/lang/Class;+3 java.base@21.0.7
v  ~StubRoutines::call_stub 0x000002cc56121015
j  java.lang.Class.forName0(Ljava/lang/String;ZLjava/lang/ClassLoader;Ljava/lang/Class;)Ljava/lang/Class;+0 java.base@21.0.7
j  java.lang.Class.forName(Ljava/lang/String;ZLjava/lang/ClassLoader;Ljava/lang/Class;)Ljava/lang/Class;+37 java.base@21.0.7
j  java.lang.Class.forName(Ljava/lang/String;ZLjava/lang/ClassLoader;)Ljava/lang/Class;+20 java.base@21.0.7
j  sun.launcher.LauncherHelper.loadMainClass(ILjava/lang/String;)Ljava/lang/Class;+95 java.base@21.0.7
j  sun.launcher.LauncherHelper.checkAndLoadMain(ZILjava/lang/String;)Ljava/lang/Class;+42 java.base@21.0.7
v  ~StubRoutines::call_stub 0x000002cc56121015

---------------  P R O C E S S  ---------------

Threads class SMR info:
_java_thread_list=0x000002cc6513ebe0, length=11, elements={
0x000002cc4674d8a0, 0x000002cc468139a0, 0x000002cc468145a0, 0x000002cc46815cd0,
0x000002cc46816720, 0x000002cc46817a40, 0x000002cc4681a5d0, 0x000002cc4681c7f0,
0x000002cc60e80930, 0x000002cc651642e0, 0x000002cc65166b10
}

Java Threads: ( => current thread )
=>0x000002cc4674d8a0 JavaThread "main"                              [_thread_in_vm, id=7428, stack(0x000000f0e8600000,0x000000f0e8700000) (1024K)]
  0x000002cc468139a0 JavaThread "Reference Handler"          daemon [_thread_blocked, id=6816, stack(0x000000f0e8e00000,0x000000f0e8f00000) (1024K)]
  0x000002cc468145a0 JavaThread "Finalizer"                  daemon [_thread_blocked, id=8740, stack(0x000000f0e8f00000,0x000000f0e9000000) (1024K)]
  0x000002cc46815cd0 JavaThread "Signal Dispatcher"          daemon [_thread_blocked, id=3024, stack(0x000000f0e9000000,0x000000f0e9100000) (1024K)]
  0x000002cc46816720 JavaThread "Attach Listener"            daemon [_thread_blocked, id=15508, stack(0x000000f0e9100000,0x000000f0e9200000) (1024K)]
  0x000002cc46817a40 JavaThread "Service Thread"             daemon [_thread_blocked, id=3284, stack(0x000000f0e9200000,0x000000f0e9300000) (1024K)]
  0x000002cc4681a5d0 JavaThread "Monitor Deflation Thread"   daemon [_thread_blocked, id=19252, stack(0x000000f0e9300000,0x000000f0e9400000) (1024K)]
  0x000002cc4681c7f0 JavaThread "C2 CompilerThread0"         daemon [_thread_blocked, id=12088, stack(0x000000f0e9400000,0x000000f0e9500000) (1024K)]
  0x000002cc60e80930 JavaThread "C1 CompilerThread0"         daemon [_thread_blocked, id=5340, stack(0x000000f0e9500000,0x000000f0e9600000) (1024K)]
  0x000002cc651642e0 JavaThread "Notification Thread"        daemon [_thread_blocked, id=10516, stack(0x000000f0e9600000,0x000000f0e9700000) (1024K)]
  0x000002cc65166b10 JavaThread "Common-Cleaner"             daemon [_thread_blocked, id=18416, stack(0x000000f0e9700000,0x000000f0e9800000) (1024K)]
Total: 11

Other Threads:
  0x000002cc467f6290 VMThread "VM Thread"                           [id=15172, stack(0x000000f0e8d00000,0x000000f0e8e00000) (1024K)]
  0x000002cc467e4c20 WatcherThread "VM Periodic Task Thread"        [id=9744, stack(0x000000f0e8c00000,0x000000f0e8d00000) (1024K)]
  0x000002cc4677b3e0 WorkerThread "GC Thread#0"                     [id=13132, stack(0x000000f0e8700000,0x000000f0e8800000) (1024K)]
  0x000002cc46785810 ConcurrentGCThread "G1 Main Marker"            [id=17156, stack(0x000000f0e8800000,0x000000f0e8900000) (1024K)]
  0x000002cc46786ab0 WorkerThread "G1 Conc#0"                       [id=9712, stack(0x000000f0e8900000,0x000000f0e8a00000) (1024K)]
  0x000002cc467d7b40 ConcurrentGCThread "G1 Refine#0"               [id=15792, stack(0x000000f0e8a00000,0x000000f0e8b00000) (1024K)]
  0x000002cc467d86b0 ConcurrentGCThread "G1 Service"                [id=4364, stack(0x000000f0e8b00000,0x000000f0e8c00000) (1024K)]
Total: 7

Threads with active compile tasks:
Total: 0

VM state: not at safepoint (normal execution)

VM Mutex/Monitor currently owned by a thread:  ([mutex/lock_event])
[0x00007ff8bf47be50] Metaspace_lock - owner thread: 0x000002cc4674d8a0

Heap address: 0x00000000c2c00000, size: 980 MB, Compressed Oops mode: 32-bit

CDS archive(s) mapped at: [0x000002cc00000000-0x000002cc00c90000-0x000002cc00c90000), size 13172736, SharedBaseAddress: 0x000002cc00000000, ArchiveRelocationMode: 1.
Compressed class space mapped at: 0x000002cc01000000-0x000002cc41000000, reserved size: 1073741824
Narrow klass base: 0x000002cc00000000, Narrow klass shift: 0, Narrow klass range: 0x100000000

GC Precious Log:
 CardTable entry size: 512
 Card Set container configuration: InlinePtr #cards 5 size 8 Array Of Cards #cards 12 size 40 Howl #buckets 4 coarsen threshold 1843 Howl Bitmap #cards 512 size 80 coarsen threshold 460 Card regions per heap region 1 cards per card region 2048
 CPUs: 2 total, 2 available
 Memory: 3918M
 Large Page Support: Disabled
 NUMA Support: Disabled
 Compressed Oops: Enabled (32-bit)
 Heap Region Size: 1M
 Heap Min Capacity: 8M
 Heap Initial Capacity: 62M
 Heap Max Capacity: 980M
 Pre-touch: Disabled
 Parallel Workers: 2
 Concurrent Workers: 1
 Concurrent Refinement Workers: 2
 Periodic GC: Disabled

Heap:
 garbage-first heap   total 63488K, used 2048K [0x00000000c2c00000, 0x0000000100000000)
  region size 1024K, 2 young (2048K), 0 survivors (0K)
 Metaspace       used 184K, committed 320K, reserved 1114112K
  class space    used 6K, committed 64K, reserved 1048576K

Heap Regions: E=young(eden), S=young(survivor), O=old, HS=humongous(starts), HC=humongous(continues), CS=collection set, F=free, TAMS=top-at-mark-start, PB=parsable bottom
|   0|0x00000000c2c00000, 0x00000000c2d00000, 0x00000000c2d00000|100%|HS|  |TAMS 0x00000000c2c00000| PB 0x00000000c2c00000| Complete 
|   1|0x00000000c2d00000, 0x00000000c2d00000, 0x00000000c2e00000|  0%| F|  |TAMS 0x00000000c2d00000| PB 0x00000000c2d00000| Untracked 
|   2|0x00000000c2e00000, 0x00000000c2e00000, 0x00000000c2f00000|  0%| F|  |TAMS 0x00000000c2e00000| PB 0x00000000c2e00000| Untracked 
|   3|0x00000000c2f00000, 0x00000000c2f00000, 0x00000000c3000000|  0%| F|  |TAMS 0x00000000c2f00000| PB 0x00000000c2f00000| Untracked 
|   4|0x00000000c3000000, 0x00000000c3000000, 0x00000000c3100000|  0%| F|  |TAMS 0x00000000c3000000| PB 0x00000000c3000000| Untracked 
|   5|0x00000000c3100000, 0x00000000c3100000, 0x00000000c3200000|  0%| F|  |TAMS 0x00000000c3100000| PB 0x00000000c3100000| Untracked 
|   6|0x00000000c3200000, 0x00000000c3200000, 0x00000000c3300000|  0%| F|  |TAMS 0x00000000c3200000| PB 0x00000000c3200000| Untracked 
|   7|0x00000000c3300000, 0x00000000c3300000, 0x00000000c3400000|  0%| F|  |TAMS 0x00000000c3300000| PB 0x00000000c3300000| Untracked 
|   8|0x00000000c3400000, 0x00000000c3400000, 0x00000000c3500000|  0%| F|  |TAMS 0x00000000c3400000| PB 0x00000000c3400000| Untracked 
|   9|0x00000000c3500000, 0x00000000c3500000, 0x00000000c3600000|  0%| F|  |TAMS 0x00000000c3500000| PB 0x00000000c3500000| Untracked 
|  10|0x00000000c3600000, 0x00000000c3600000, 0x00000000c3700000|  0%| F|  |TAMS 0x00000000c3600000| PB 0x00000000c3600000| Untracked 
|  11|0x00000000c3700000, 0x00000000c3700000, 0x00000000c3800000|  0%| F|  |TAMS 0x00000000c3700000| PB 0x00000000c3700000| Untracked 
|  12|0x00000000c3800000, 0x00000000c3800000, 0x00000000c3900000|  0%| F|  |TAMS 0x00000000c3800000| PB 0x00000000c3800000| Untracked 
|  13|0x00000000c3900000, 0x00000000c3900000, 0x00000000c3a00000|  0%| F|  |TAMS 0x00000000c3900000| PB 0x00000000c3900000| Untracked 
|  14|0x00000000c3a00000, 0x00000000c3a00000, 0x00000000c3b00000|  0%| F|  |TAMS 0x00000000c3a00000| PB 0x00000000c3a00000| Untracked 
|  15|0x00000000c3b00000, 0x00000000c3b00000, 0x00000000c3c00000|  0%| F|  |TAMS 0x00000000c3b00000| PB 0x00000000c3b00000| Untracked 
|  16|0x00000000c3c00000, 0x00000000c3c00000, 0x00000000c3d00000|  0%| F|  |TAMS 0x00000000c3c00000| PB 0x00000000c3c00000| Untracked 
|  17|0x00000000c3d00000, 0x00000000c3d00000, 0x00000000c3e00000|  0%| F|  |TAMS 0x00000000c3d00000| PB 0x00000000c3d00000| Untracked 
|  18|0x00000000c3e00000, 0x00000000c3e00000, 0x00000000c3f00000|  0%| F|  |TAMS 0x00000000c3e00000| PB 0x00000000c3e00000| Untracked 
|  19|0x00000000c3f00000, 0x00000000c3f00000, 0x00000000c4000000|  0%| F|  |TAMS 0x00000000c3f00000| PB 0x00000000c3f00000| Untracked 
|  20|0x00000000c4000000, 0x00000000c4000000, 0x00000000c4100000|  0%| F|  |TAMS 0x00000000c4000000| PB 0x00000000c4000000| Untracked 
|  21|0x00000000c4100000, 0x00000000c4100000, 0x00000000c4200000|  0%| F|  |TAMS 0x00000000c4100000| PB 0x00000000c4100000| Untracked 
|  22|0x00000000c4200000, 0x00000000c4200000, 0x00000000c4300000|  0%| F|  |TAMS 0x00000000c4200000| PB 0x00000000c4200000| Untracked 
|  23|0x00000000c4300000, 0x00000000c4300000, 0x00000000c4400000|  0%| F|  |TAMS 0x00000000c4300000| PB 0x00000000c4300000| Untracked 
|  24|0x00000000c4400000, 0x00000000c4400000, 0x00000000c4500000|  0%| F|  |TAMS 0x00000000c4400000| PB 0x00000000c4400000| Untracked 
|  25|0x00000000c4500000, 0x00000000c4500000, 0x00000000c4600000|  0%| F|  |TAMS 0x00000000c4500000| PB 0x00000000c4500000| Untracked 
|  26|0x00000000c4600000, 0x00000000c4600000, 0x00000000c4700000|  0%| F|  |TAMS 0x00000000c4600000| PB 0x00000000c4600000| Untracked 
|  27|0x00000000c4700000, 0x00000000c4700000, 0x00000000c4800000|  0%| F|  |TAMS 0x00000000c4700000| PB 0x00000000c4700000| Untracked 
|  28|0x00000000c4800000, 0x00000000c4800000, 0x00000000c4900000|  0%| F|  |TAMS 0x00000000c4800000| PB 0x00000000c4800000| Untracked 
|  29|0x00000000c4900000, 0x00000000c4900000, 0x00000000c4a00000|  0%| F|  |TAMS 0x00000000c4900000| PB 0x00000000c4900000| Untracked 
|  30|0x00000000c4a00000, 0x00000000c4a00000, 0x00000000c4b00000|  0%| F|  |TAMS 0x00000000c4a00000| PB 0x00000000c4a00000| Untracked 
|  31|0x00000000c4b00000, 0x00000000c4b00000, 0x00000000c4c00000|  0%| F|  |TAMS 0x00000000c4b00000| PB 0x00000000c4b00000| Untracked 
|  32|0x00000000c4c00000, 0x00000000c4c00000, 0x00000000c4d00000|  0%| F|  |TAMS 0x00000000c4c00000| PB 0x00000000c4c00000| Untracked 
|  33|0x00000000c4d00000, 0x00000000c4d00000, 0x00000000c4e00000|  0%| F|  |TAMS 0x00000000c4d00000| PB 0x00000000c4d00000| Untracked 
|  34|0x00000000c4e00000, 0x00000000c4e00000, 0x00000000c4f00000|  0%| F|  |TAMS 0x00000000c4e00000| PB 0x00000000c4e00000| Untracked 
|  35|0x00000000c4f00000, 0x00000000c4f00000, 0x00000000c5000000|  0%| F|  |TAMS 0x00000000c4f00000| PB 0x00000000c4f00000| Untracked 
|  36|0x00000000c5000000, 0x00000000c5000000, 0x00000000c5100000|  0%| F|  |TAMS 0x00000000c5000000| PB 0x00000000c5000000| Untracked 
|  37|0x00000000c5100000, 0x00000000c5100000, 0x00000000c5200000|  0%| F|  |TAMS 0x00000000c5100000| PB 0x00000000c5100000| Untracked 
|  38|0x00000000c5200000, 0x00000000c5200000, 0x00000000c5300000|  0%| F|  |TAMS 0x00000000c5200000| PB 0x00000000c5200000| Untracked 
|  39|0x00000000c5300000, 0x00000000c5300000, 0x00000000c5400000|  0%| F|  |TAMS 0x00000000c5300000| PB 0x00000000c5300000| Untracked 
|  40|0x00000000c5400000, 0x00000000c5400000, 0x00000000c5500000|  0%| F|  |TAMS 0x00000000c5400000| PB 0x00000000c5400000| Untracked 
|  41|0x00000000c5500000, 0x00000000c5500000, 0x00000000c5600000|  0%| F|  |TAMS 0x00000000c5500000| PB 0x00000000c5500000| Untracked 
|  42|0x00000000c5600000, 0x00000000c5600000, 0x00000000c5700000|  0%| F|  |TAMS 0x00000000c5600000| PB 0x00000000c5600000| Untracked 
|  43|0x00000000c5700000, 0x00000000c5700000, 0x00000000c5800000|  0%| F|  |TAMS 0x00000000c5700000| PB 0x00000000c5700000| Untracked 
|  44|0x00000000c5800000, 0x00000000c5800000, 0x00000000c5900000|  0%| F|  |TAMS 0x00000000c5800000| PB 0x00000000c5800000| Untracked 
|  45|0x00000000c5900000, 0x00000000c5900000, 0x00000000c5a00000|  0%| F|  |TAMS 0x00000000c5900000| PB 0x00000000c5900000| Untracked 
|  46|0x00000000c5a00000, 0x00000000c5a00000, 0x00000000c5b00000|  0%| F|  |TAMS 0x00000000c5a00000| PB 0x00000000c5a00000| Untracked 
|  47|0x00000000c5b00000, 0x00000000c5b00000, 0x00000000c5c00000|  0%| F|  |TAMS 0x00000000c5b00000| PB 0x00000000c5b00000| Untracked 
|  48|0x00000000c5c00000, 0x00000000c5c00000, 0x00000000c5d00000|  0%| F|  |TAMS 0x00000000c5c00000| PB 0x00000000c5c00000| Untracked 
|  49|0x00000000c5d00000, 0x00000000c5d00000, 0x00000000c5e00000|  0%| F|  |TAMS 0x00000000c5d00000| PB 0x00000000c5d00000| Untracked 
|  50|0x00000000c5e00000, 0x00000000c5e00000, 0x00000000c5f00000|  0%| F|  |TAMS 0x00000000c5e00000| PB 0x00000000c5e00000| Untracked 
|  51|0x00000000c5f00000, 0x00000000c5f00000, 0x00000000c6000000|  0%| F|  |TAMS 0x00000000c5f00000| PB 0x00000000c5f00000| Untracked 
|  52|0x00000000c6000000, 0x00000000c6000000, 0x00000000c6100000|  0%| F|  |TAMS 0x00000000c6000000| PB 0x00000000c6000000| Untracked 
|  53|0x00000000c6100000, 0x00000000c6100000, 0x00000000c6200000|  0%| F|  |TAMS 0x00000000c6100000| PB 0x00000000c6100000| Untracked 
|  54|0x00000000c6200000, 0x00000000c6200000, 0x00000000c6300000|  0%| F|  |TAMS 0x00000000c6200000| PB 0x00000000c6200000| Untracked 
|  55|0x00000000c6300000, 0x00000000c6300000, 0x00000000c6400000|  0%| F|  |TAMS 0x00000000c6300000| PB 0x00000000c6300000| Untracked 
|  56|0x00000000c6400000, 0x00000000c6400000, 0x00000000c6500000|  0%| F|  |TAMS 0x00000000c6400000| PB 0x00000000c6400000| Untracked 
|  57|0x00000000c6500000, 0x00000000c6500000, 0x00000000c6600000|  0%| F|  |TAMS 0x00000000c6500000| PB 0x00000000c6500000| Untracked 
|  58|0x00000000c6600000, 0x00000000c6600000, 0x00000000c6700000|  0%| F|  |TAMS 0x00000000c6600000| PB 0x00000000c6600000| Untracked 
|  59|0x00000000c6700000, 0x00000000c6700000, 0x00000000c6800000|  0%| F|  |TAMS 0x00000000c6700000| PB 0x00000000c6700000| Untracked 
|  60|0x00000000c6800000, 0x00000000c68334a0, 0x00000000c6900000| 20%| E|  |TAMS 0x00000000c6800000| PB 0x00000000c6800000| Complete 
|  61|0x00000000c6900000, 0x00000000c6a00000, 0x00000000c6a00000|100%| E|CS|TAMS 0x00000000c6900000| PB 0x00000000c6900000| Complete 

Card table byte_map: [0x000002cc46510000,0x000002cc46700000] _byte_map_base: 0x000002cc45efa000

Marking Bits: (CMBitMap*) 0x000002cc4677c2f0
 Bits: [0x000002cc5dbf0000, 0x000002cc5eb40000)

Polling page: 0x000002cc446f0000

Metaspace:

Usage:
  Non-class:    177.81 KB used.
      Class:      6.67 KB used.
       Both:    184.48 KB used.

Virtual space:
  Non-class space:       64.00 MB reserved,     256.00 KB ( <1%) committed,  1 nodes.
      Class space:        1.00 GB reserved,      64.00 KB ( <1%) committed,  1 nodes.
             Both:        1.06 GB reserved,     320.00 KB ( <1%) committed. 

Chunk freelists:
   Non-Class:  12.00 MB
       Class:  15.75 MB
        Both:  27.74 MB

MaxMetaspaceSize: unlimited
CompressedClassSpaceSize: 1.00 GB
Initial GC threshold: 21.00 MB
Current GC threshold: 21.00 MB
CDS: on
 - commit_granule_bytes: 65536.
 - commit_granule_words: 8192.
 - virtual_space_node_default_size: 8388608.
 - enlarge_chunks_in_place: 1.
 - use_allocation_guard: 0.


Internal statistics:

num_allocs_failed_limit: 0.
num_arena_births: 4.
num_arena_deaths: 0.
num_vsnodes_births: 2.
num_vsnodes_deaths: 0.
num_space_committed: 5.
num_space_uncommitted: 0.
num_chunks_returned_to_freelist: 0.
num_chunks_taken_from_freelist: 4.
num_chunk_merges: 0.
num_chunk_splits: 3.
num_chunks_enlarged: 0.
num_inconsistent_stats: 0.

CodeHeap 'non-profiled nmethods': size=120064Kb used=27Kb max_used=27Kb free=120036Kb
 bounds [0x000002cc566b0000, 0x000002cc56920000, 0x000002cc5dbf0000]
CodeHeap 'profiled nmethods': size=120000Kb used=143Kb max_used=143Kb free=119856Kb
 bounds [0x000002cc4ebf0000, 0x000002cc4ee60000, 0x000002cc56120000]
CodeHeap 'non-nmethods': size=5696Kb used=1207Kb max_used=1222Kb free=4488Kb
 bounds [0x000002cc56120000, 0x000002cc56390000, 0x000002cc566b0000]
 total_blobs=442 nmethods=108 adapters=240
 compilation: enabled
              stopped_count=0, restarted_count=0
 full_count=0

Compilation events (20 events):
Event: 0.148 Thread 0x000002cc60e80930 nmethod 98 0x000002cc4ec11310 code [0x000002cc4ec114c0, 0x000002cc4ec11668]
Event: 0.148 Thread 0x000002cc60e80930  102       3       java.util.zip.ZipCoder$UTF8ZipCoder::checkedHash (79 bytes)
Event: 0.149 Thread 0x000002cc60e80930 nmethod 102 0x000002cc4ec11790 code [0x000002cc4ec119a0, 0x000002cc4ec11df0]
Event: 0.149 Thread 0x000002cc60e80930  103       3       java.lang.System$2::countPositives (7 bytes)
Event: 0.149 Thread 0x000002cc60e80930 nmethod 103 0x000002cc4ec12010 code [0x000002cc4ec121c0, 0x000002cc4ec12448]
Event: 0.149 Thread 0x000002cc60e80930  104       3       java.util.zip.ZipFile$Source::isMetaName (141 bytes)
Event: 0.149 Thread 0x000002cc60e80930 nmethod 104 0x000002cc4ec12590 code [0x000002cc4ec12760, 0x000002cc4ec12c40]
Event: 0.149 Thread 0x000002cc60e80930   99       3       java.util.zip.ZipUtils::CENFLG (9 bytes)
Event: 0.149 Thread 0x000002cc60e80930 nmethod 99 0x000002cc4ec12e10 code [0x000002cc4ec12fc0, 0x000002cc4ec13168]
Event: 0.149 Thread 0x000002cc60e80930  100       3       java.util.zip.ZipUtils::CENNAM (9 bytes)
Event: 0.150 Thread 0x000002cc60e80930 nmethod 100 0x000002cc4ec13290 code [0x000002cc4ec13440, 0x000002cc4ec135e8]
Event: 0.150 Thread 0x000002cc60e80930  101       3       java.util.zip.ZipFile$Source::zipCoderForPos (39 bytes)
Event: 0.150 Thread 0x000002cc60e80930 nmethod 101 0x000002cc4ec13710 code [0x000002cc4ec138e0, 0x000002cc4ec13cc8]
Event: 0.151 Thread 0x000002cc4681c7f0 nmethod 94 0x000002cc566b4c90 code [0x000002cc566b4e20, 0x000002cc566b4f00]
Event: 0.151 Thread 0x000002cc4681c7f0  106       4       java.lang.StringCoding::countPositives (33 bytes)
Event: 0.156 Thread 0x000002cc4681c7f0 nmethod 106 0x000002cc566b5010 code [0x000002cc566b51a0, 0x000002cc566b5348]
Event: 0.156 Thread 0x000002cc4681c7f0  107       4       jdk.internal.util.ArraysSupport::vectorizedHashCode (158 bytes)
Event: 0.165 Thread 0x000002cc4681c7f0 nmethod 107 0x000002cc566b5410 code [0x000002cc566b55a0, 0x000002cc566b57d8]
Event: 0.165 Thread 0x000002cc4681c7f0  108   !   4       java.util.zip.ZipFile$Source::checkAndAddEntry (295 bytes)
Event: 0.202 Thread 0x000002cc4681c7f0 nmethod 108 0x000002cc566b5910 code [0x000002cc566b5b00, 0x000002cc566b65e0]

GC Heap History (0 events):
No events

Dll operation events (5 events):
Event: 0.011 Loaded shared library C:\Program Files\Java\jdk-21\bin\java.dll
Event: 0.062 Loaded shared library C:\Program Files\Java\jdk-21\bin\jsvml.dll
Event: 0.122 Loaded shared library C:\Program Files\Java\jdk-21\bin\net.dll
Event: 0.131 Loaded shared library C:\Program Files\Java\jdk-21\bin\nio.dll
Event: 0.181 Loaded shared library C:\Program Files\Java\jdk-21\bin\zip.dll

Deoptimization events (0 events):
No events

Classes loaded (0 events):
No events

Classes unloaded (0 events):
No events

Classes redefined (0 events):
No events

Internal exceptions (0 events):
No events

ZGC Phase Switch (0 events):
No events

VM Operations (2 events):
Event: 0.206 Executing VM operation: HandshakeAllThreads (Deoptimize)
Event: 0.206 Executing VM operation: HandshakeAllThreads (Deoptimize) done

Events (11 events):
Event: 0.034 Thread 0x000002cc4674d8a0 Thread added: 0x000002cc4674d8a0
Event: 0.058 Thread 0x000002cc468139a0 Thread added: 0x000002cc468139a0
Event: 0.058 Thread 0x000002cc468145a0 Thread added: 0x000002cc468145a0
Event: 0.059 Thread 0x000002cc46815cd0 Thread added: 0x000002cc46815cd0
Event: 0.059 Thread 0x000002cc46816720 Thread added: 0x000002cc46816720
Event: 0.059 Thread 0x000002cc46817a40 Thread added: 0x000002cc46817a40
Event: 0.059 Thread 0x000002cc4681a5d0 Thread added: 0x000002cc4681a5d0
Event: 0.059 Thread 0x000002cc4681c7f0 Thread added: 0x000002cc4681c7f0
Event: 0.059 Thread 0x000002cc60e80930 Thread added: 0x000002cc60e80930
Event: 0.108 Thread 0x000002cc651642e0 Thread added: 0x000002cc651642e0
Event: 0.114 Thread 0x000002cc65166b10 Thread added: 0x000002cc65166b10


Dynamic libraries:
0x00007ff6caad0000 - 0x00007ff6caae0000 	C:\Program Files\Java\jdk-21\bin\java.exe
0x00007ff915ac0000 - 0x00007ff915cc9000 	C:\Windows\SYSTEM32\ntdll.dll
0x00007ff915080000 - 0x00007ff91513d000 	C:\Windows\System32\KERNEL32.DLL
0x00007ff913200000 - 0x00007ff913584000 	C:\Windows\System32\KERNELBASE.dll
0x00007ff913590000 - 0x00007ff9136a1000 	C:\Windows\System32\ucrtbase.dll
0x00007ff8fd780000 - 0x00007ff8fd79b000 	C:\Program Files\Java\jdk-21\bin\VCRUNTIME140.dll
0x00007ff8fcd30000 - 0x00007ff8fcd49000 	C:\Program Files\Java\jdk-21\bin\jli.dll
0x00007ff914c90000 - 0x00007ff914d3e000 	C:\Windows\System32\ADVAPI32.dll
0x00007ff914d70000 - 0x00007ff914e13000 	C:\Windows\System32\msvcrt.dll
0x00007ff914fe0000 - 0x00007ff91507e000 	C:\Windows\System32\sechost.dll
0x00007ff914b60000 - 0x00007ff914c81000 	C:\Windows\System32\RPCRT4.dll
0x00007ff9142c0000 - 0x00007ff91446d000 	C:\Windows\System32\USER32.dll
0x00007ff913770000 - 0x00007ff913796000 	C:\Windows\System32\win32u.dll
0x00007ff914150000 - 0x00007ff91417a000 	C:\Windows\System32\GDI32.dll
0x00007ff912fc0000 - 0x00007ff9130de000 	C:\Windows\System32\gdi32full.dll
0x00007ff9130e0000 - 0x00007ff91317d000 	C:\Windows\System32\msvcp_win.dll
0x00007ff8fc660000 - 0x00007ff8fc905000 	C:\Windows\WinSxS\amd64_microsoft.windows.common-controls_6595b64144ccf1df_6.0.22000.120_none_9d947278b86cc467\COMCTL32.dll
0x00007ff90a7b0000 - 0x00007ff90a7ba000 	C:\Windows\SYSTEM32\VERSION.dll
0x00007ff914560000 - 0x00007ff914591000 	C:\Windows\System32\IMM32.DLL
0x00007ff90d9d0000 - 0x00007ff90d9dc000 	C:\Program Files\Java\jdk-21\bin\vcruntime140_1.dll
0x00007ff8f9750000 - 0x00007ff8f97de000 	C:\Program Files\Java\jdk-21\bin\msvcp140.dll
0x00007ff8be840000 - 0x00007ff8bf55a000 	C:\Program Files\Java\jdk-21\bin\server\jvm.dll
0x00007ff915910000 - 0x00007ff91597f000 	C:\Windows\System32\WS2_32.dll
0x00007ff912e20000 - 0x00007ff912e6d000 	C:\Windows\SYSTEM32\POWRPROF.dll
0x00007ff90d410000 - 0x00007ff90d443000 	C:\Windows\SYSTEM32\WINMM.dll
0x00007ff912e00000 - 0x00007ff912e13000 	C:\Windows\SYSTEM32\UMPDC.dll
0x00007ff911fc0000 - 0x00007ff911fd8000 	C:\Windows\SYSTEM32\kernel.appcore.dll
0x00007ff90d310000 - 0x00007ff90d31a000 	C:\Program Files\Java\jdk-21\bin\jimage.dll
0x00007ff9104f0000 - 0x00007ff910711000 	C:\Windows\SYSTEM32\DBGHELP.DLL
0x00007ff8f7cd0000 - 0x00007ff8f7d01000 	C:\Windows\SYSTEM32\dbgcore.DLL
0x00007ff913180000 - 0x00007ff9131ff000 	C:\Windows\System32\bcryptPrimitives.dll
0x00007ff8fc360000 - 0x00007ff8fc37f000 	C:\Program Files\Java\jdk-21\bin\java.dll
0x00007ff913980000 - 0x00007ff914145000 	C:\Windows\System32\SHELL32.dll
0x00007ff911020000 - 0x00007ff911882000 	C:\Windows\SYSTEM32\windows.storage.dll
0x00007ff914730000 - 0x00007ff914aa6000 	C:\Windows\System32\combase.dll
0x00007ff910eb0000 - 0x00007ff911017000 	C:\Windows\SYSTEM32\wintypes.dll
0x00007ff914470000 - 0x00007ff91455a000 	C:\Windows\System32\SHCORE.dll
0x00007ff914260000 - 0x00007ff9142bd000 	C:\Windows\System32\shlwapi.dll
0x00007ff912e80000 - 0x00007ff912ea5000 	C:\Windows\SYSTEM32\profapi.dll
0x00007ff8d4c60000 - 0x00007ff8d4d37000 	C:\Program Files\Java\jdk-21\bin\jsvml.dll
0x00007ff90cff0000 - 0x00007ff90d000000 	C:\Program Files\Java\jdk-21\bin\net.dll
0x00007ff90c1e0000 - 0x00007ff90c2f4000 	C:\Windows\SYSTEM32\WINHTTP.dll
0x00007ff912470000 - 0x00007ff9124d7000 	C:\Windows\system32\mswsock.dll
0x00007ff8fbed0000 - 0x00007ff8fbee6000 	C:\Program Files\Java\jdk-21\bin\nio.dll
0x00007ff8fba70000 - 0x00007ff8fba88000 	C:\Program Files\Java\jdk-21\bin\zip.dll

dbghelp: loaded successfully - version: 4.0.5 - missing functions: none
symbol engine: initialized successfully - sym options: 0x614 - pdb path: .;C:\Program Files\Java\jdk-21\bin;C:\Windows\SYSTEM32;C:\Windows\WinSxS\amd64_microsoft.windows.common-controls_6595b64144ccf1df_6.0.22000.120_none_9d947278b86cc467;C:\Program Files\Java\jdk-21\bin\server

VM Arguments:
jvm_args: -Dfile.encoding=UTF-8 -Ddb2.jcc.charsetDecoderEncoder=3 
java_command: com.ibm.db2.server.DssLauncher 3000 off c:\Users\Temifash\AppData\Roaming\Code\logs\20250924T114741\window1\exthost\IBM.db2forzosdeveloperextension -Xmx256M
java_class_path (initial): c:\Users\Temifash\.vscode\extensions\ibm.db2forzosdeveloperextension-2.2.3\dist\dss-dist-2.2.3.jar;;c:\Users\Temifash\.vscode\extensions\ibm.db2forzosdeveloperextension-2.2.3\lib\db2jcc4.jar;c:\Users\Temifash\.vscode\extensions\ibm.db2forzosdeveloperextension-2.2.3\lib\sqlj4.zip
Launcher Type: SUN_STANDARD

[Global flags]
     intx CICompilerCount                          = 2                                         {product} {ergonomic}
     uint ConcGCThreads                            = 1                                         {product} {ergonomic}
     uint G1ConcRefinementThreads                  = 2                                         {product} {ergonomic}
   size_t G1HeapRegionSize                         = 1048576                                   {product} {ergonomic}
    uintx GCDrainStackTargetSize                   = 64                                        {product} {ergonomic}
   size_t InitialHeapSize                          = 65011712                                  {product} {ergonomic}
   size_t MarkStackSize                            = 4194304                                   {product} {ergonomic}
   size_t MaxHeapSize                              = 1027604480                                {product} {ergonomic}
   size_t MaxNewSize                               = 616562688                                 {product} {ergonomic}
   size_t MinHeapDeltaBytes                        = 1048576                                   {product} {ergonomic}
   size_t MinHeapSize                              = 8388608                                   {product} {ergonomic}
    uintx NonNMethodCodeHeapSize                   = 5826188                                {pd product} {ergonomic}
    uintx NonProfiledCodeHeapSize                  = 122916026                              {pd product} {ergonomic}
    uintx ProfiledCodeHeapSize                     = 122916026                              {pd product} {ergonomic}
    uintx ReservedCodeCacheSize                    = 251658240                              {pd product} {ergonomic}
     bool SegmentedCodeCache                       = true                                      {product} {ergonomic}
   size_t SoftMaxHeapSize                          = 1027604480                             {manageable} {ergonomic}
     bool UseCompressedOops                        = true                           {product lp64_product} {ergonomic}
     bool UseG1GC                                  = true                                      {product} {ergonomic}
     bool UseLargePagesIndividualAllocation        = false                                  {pd product} {ergonomic}

Logging:
Log output configuration:
 #0: stdout all=warning uptime,level,tags foldmultilines=false
 #1: stderr all=off uptime,level,tags foldmultilines=false

Environment Variables:
PATH=C:\Program Files\Common Files\Oracle\Java\javapath;C:\Program Files (x86)\Common Files\Oracle\Java\java8path;C:\Program Files (x86)\Common Files\Oracle\Java\javapath;C:\Windows\system32;C:\Windows;C:\Windows\System32\Wbem;C:\Windows\System32\WindowsPowerShell\v1.0\;C:\Windows\System32\OpenSSH\;C:\Users\Temifash\Downloads\ffmpeg-7.1.1-essentials_build;C:\program files\java\jdk-21\bin\java.exe;C:\Program Files\Common Files\Oracle\Java\javapath\java.exe;C:\Program Files (x86)\Common Files\Oracle\Java\java8path\java.exe;C:\Users\Temifash\AppData\Local\Programs\Python\Python312\Scripts\;C:\Users\Temifash\AppData\Local\Programs\Python\Python312\;C:\Users\Temifash\AppData\Local\Programs\Python\Launcher\;C:\Users\Temifash\AppData\Local\Microsoft\WindowsApps;;C:\Users\Temifash\AppData\Local\Programs\Microsoft VS Code\bin;C:\Users\Temifash\AppData\Local\Microsoft\WinGet\Packages\Gyan.FFmpeg_Microsoft.Winget.Source_8wekyb3d8bbwe\ffmpeg-7.1.1-full_build\bin;
USERNAME=Temifash
OS=Windows_NT
PROCESSOR_IDENTIFIER=Intel64 Family 6 Model 122 Stepping 8, GenuineIntel
TMP=C:\Users\Temifash\AppData\Local\Temp
TEMP=C:\Users\Temifash\AppData\Local\Temp




Periodic native trim disabled

---------------  S Y S T E M  ---------------

OS:
 Windows 11 , 64 bit Build 22000 (10.0.22000.2538)
OS uptime: 8 days 0:08 hours

CPU: total 2 (initial active 2) (2 cores per cpu, 1 threads per core) family 6 model 122 stepping 8 microcode 0x18, cx8, cmov, fxsr, mmx, 3dnowpref, sse, sse2, sse3, ssse3, sse4.1, sse4.2, popcnt, tsc, tscinvbit, aes, erms, clmul, sha, clflush, clflushopt, rdtscp, rdpid
Processor Information for all 2 processors :
  Max Mhz: 1101, Current Mhz: 1101, Mhz Limit: 1101

Memory: 4k page, system-wide physical 3918M (374M free)
TotalPageFile size 7366M (AvailPageFile size 2M)
current process WorkingSet (physical memory assigned to process): 35M, peak: 35M
current process commit charge ("private bytes"): 129M, peak: 129M

vm_info: Java HotSpot(TM) 64-Bit Server VM (21.0.7+8-LTS-245) for windows-amd64 JRE (21.0.7+8-LTS-245), built on 2025-02-21T05:11:27Z by "mach5one" with MS VC++ 17.6 (VS2022)

END.
